e:\socket\socketserver\socketserver\debug\vc140.pdb
e:\socket\socketserver\socketserver\debug\vc140.idb
e:\socket\socketserver\socketserver\debug\main.obj
e:\socket\socketserver\socketserver\debug\tcpthread.obj
e:\socket\socketserver\socketserver\debug\xtcp.obj
e:\socket\socketserver\socketserver\debug\kpcontrol.obj
e:\socket\tcp-class\socketserver\debug\vc140.pdb
e:\socket\tcp-class\socketserver\debug\vc140.idb
e:\socket\tcp-class\socketserver\debug\main.obj
e:\socket\tcp-class\socketserver\debug\tcpthread.obj
e:\socket\tcp-class\socketserver\debug\xtcp.obj
e:\socket\tcp-class\socketserver\debug\kpcontrol.obj
e:\socket\debug\socketserver.lib
e:\socket\debug\socketserver.exp
e:\socket\tcp-class\..\debug\socketserver.pdb
e:\socket\tcp-class\socketserver\debug\socketserver.tlog\cl.command.1.tlog
e:\socket\tcp-class\socketserver\debug\socketserver.tlog\cl.read.1.tlog
e:\socket\tcp-class\socketserver\debug\socketserver.tlog\cl.write.1.tlog
e:\socket\tcp-class\socketserver\debug\socketserver.tlog\link-cvtres.read.1.tlog
e:\socket\tcp-class\socketserver\debug\socketserver.tlog\link-cvtres.write.1.tlog
e:\socket\tcp-class\socketserver\debug\socketserver.tlog\link-rc.read.1.tlog
e:\socket\tcp-class\socketserver\debug\socketserver.tlog\link-rc.write.1.tlog
e:\socket\tcp-class\socketserver\debug\socketserver.tlog\link.12700-cvtres.read.1.tlog
e:\socket\tcp-class\socketserver\debug\socketserver.tlog\link.12700-cvtres.write.1.tlog
e:\socket\tcp-class\socketserver\debug\socketserver.tlog\link.12700-rc.read.1.tlog
e:\socket\tcp-class\socketserver\debug\socketserver.tlog\link.12700-rc.write.1.tlog
e:\socket\tcp-class\socketserver\debug\socketserver.tlog\link.12700.read.1.tlog
e:\socket\tcp-class\socketserver\debug\socketserver.tlog\link.12700.write.1.tlog
e:\socket\tcp-class\socketserver\debug\socketserver.tlog\link.command.1.tlog
e:\socket\tcp-class\socketserver\debug\socketserver.tlog\link.read.1.tlog
e:\socket\tcp-class\socketserver\debug\socketserver.tlog\link.write.1.tlog
e:\socket\tcp-class\socketserver\debug\socketserver.tlog\socketserver.write.1u.tlog
